<?xml version="1.0" encoding="UTF-8"?>
<!-- Generated by org.testng.reporters.JUnitXMLReporter -->
<testsuite ignored="1" hostname="DESKTOP-48Q58V6" failures="1" tests="6" name="Test" time="23.982" errors="0" timestamp="2024-03-24T12:32:25 IST">
  <testcase classname="testCases.TC002_LoginTest" name="verifylogin" time="2.282"/>
  <testcase classname="testCases.TC004_Searchproduct" name="search" time="1.567"/>
  <testcase classname="testCases.TC004_Searchproduct" name="invalidsearch" time="1.421"/>
  <testcase classname="testCases.TC005_AddToCart" name="logintoApp" time="2.152"/>
  <testcase classname="testCases.TC005_AddToCart" name="validateCart" time="1.434"/>
  <testcase classname="testCases.TC005_AddToCart" name="additeamtocart" time="1.152">
    <failure type="java.lang.AssertionError" message="null">
      <![CDATA[java.lang.AssertionError: null
at testCases.TC005_AddToCart.additeamtocart(TC005_AddToCart.java:85)
at java.base/java.util.ArrayList.forEach(ArrayList.java:1511)
... Removed 29 stack frames]]>
    </failure>
  </testcase> <!-- additeamtocart -->
  <testcase classname="testCases.TC001_AccountRegistrationtest" name="verify_account_registration" time="0.0">
    <ignored/>
  </testcase> <!-- verify_account_registration -->
</testsuite> <!-- Test -->
