<?xml version="1.0" encoding="UTF-8"?>
<!-- Generated by org.testng.reporters.JUnitXMLReporter -->
<testsuite ignored="1" hostname="DESKTOP-48Q58V6" failures="1" tests="6" name="Test" time="21.718" errors="0" timestamp="2024-03-24T12:35:28 IST">
  <testcase classname="testCases.TC002_LoginTest" name="verifylogin" time="2.229"/>
  <testcase classname="testCases.TC004_Searchproduct" name="search" time="1.468"/>
  <testcase classname="testCases.TC004_Searchproduct" name="invalidsearch" time="1.328"/>
  <testcase classname="testCases.TC005_AddToCart" name="logintoApp" time="2.019"/>
  <testcase classname="testCases.TC005_AddToCart" name="validateCart" time="1.771"/>
  <testcase classname="testCases.TC005_AddToCart" name="additeamtocart" time="1.192">
    <failure type="java.lang.AssertionError" message="null">
      <![CDATA[java.lang.AssertionError: null
at testCases.TC005_AddToCart.additeamtocart(TC005_AddToCart.java:85)
at java.base/java.util.ArrayList.forEach(ArrayList.java:1511)
... Removed 33 stack frames]]>
    </failure>
  </testcase> <!-- additeamtocart -->
  <testcase classname="testCases.TC001_AccountRegistrationtest" name="verify_account_registration" time="0.0">
    <ignored/>
  </testcase> <!-- verify_account_registration -->
</testsuite> <!-- Test -->
