<?xml version="1.0" encoding="UTF-8"?>
<!-- Generated by org.testng.reporters.JUnitXMLReporter -->
<testsuite ignored="0" hostname="DESKTOP-48Q58V6" failures="1" tests="1" name="Test(failed)" time="16.109" errors="0" timestamp="2024-03-19T13:36:25 IST">
  <testcase classname="testCases.TC001_AccountRegistrationtest" name="verify_account_registration" time="8.74">
    <failure type="java.lang.AssertionError" message="null">
      <![CDATA[java.lang.AssertionError: null
at testCases.TC001_AccountRegistrationtest.verify_account_registration(TC001_AccountRegistrationtest.java:50)
at java.base/java.util.ArrayList.forEach(ArrayList.java:1511)
... Removed 29 stack frames]]>
    </failure>
  </testcase> <!-- verify_account_registration -->
</testsuite> <!-- Test(failed) -->
