<?xml version="1.0" encoding="UTF-8"?>
<testng-results ignored="0" total="6" passed="5" failed="1" skipped="0">
  <reporter-output>
  </reporter-output>
  <suite started-at="2024-03-24T12:35:05 IST" name="Suite" finished-at="2024-03-24T12:35:26 IST" duration-ms="21718">
    <groups>
      <group name="sanity">
        <method signature="TC002_LoginTest.verifylogin()[pri:0, instance:testCases.TC002_LoginTest@5e0826e7]" name="verifylogin" class="testCases.TC002_LoginTest"/>
        <method signature="TC004_Searchproduct.search()[pri:1, instance:testCases.TC004_Searchproduct@32eff876]" name="search" class="testCases.TC004_Searchproduct"/>
        <method signature="TC005_AddToCart.logintoApp()[pri:1, instance:testCases.TC005_AddToCart@8dbdac1]" name="logintoApp" class="testCases.TC005_AddToCart"/>
        <method signature="TC004_Searchproduct.invalidsearch()[pri:2, instance:testCases.TC004_Searchproduct@32eff876]" name="invalidsearch" class="testCases.TC004_Searchproduct"/>
        <method signature="TC005_AddToCart.validateCart()[pri:2, instance:testCases.TC005_AddToCart@8dbdac1]" name="validateCart" class="testCases.TC005_AddToCart"/>
        <method signature="TC005_AddToCart.additeamtocart()[pri:3, instance:testCases.TC005_AddToCart@8dbdac1]" name="additeamtocart" class="testCases.TC005_AddToCart"/>
      </group> <!-- sanity -->
      <group name="master">
        <method signature="TC002_LoginTest.verifylogin()[pri:0, instance:testCases.TC002_LoginTest@5e0826e7]" name="verifylogin" class="testCases.TC002_LoginTest"/>
      </group> <!-- master -->
    </groups>
    <test started-at="2024-03-24T12:35:05 IST" name="Test" finished-at="2024-03-24T12:35:26 IST" duration-ms="21718">
      <class name="testCases.TC005_AddToCart">
        <test-method is-config="true" signature="setup(java.lang.String,java.lang.String)[pri:0, instance:testCases.TC005_AddToCart@8dbdac1]" started-at="2024-03-24T12:35:18 IST" name="setup" finished-at="2024-03-24T12:35:21 IST" duration-ms="3061" status="PASS">
          <params>
            <param index="0">
              <value>
                <![CDATA[windows]]>
              </value>
            </param>
            <param index="1">
              <value>
                <![CDATA[chrome]]>
              </value>
            </param>
          </params>
          <reporter-output>
          </reporter-output>
        </test-method> <!-- setup -->
        <test-method signature="logintoApp()[pri:1, instance:testCases.TC005_AddToCart@8dbdac1]" started-at="2024-03-24T12:35:21 IST" name="logintoApp" finished-at="2024-03-24T12:35:23 IST" duration-ms="2019" status="PASS">
          <reporter-output>
          </reporter-output>
        </test-method> <!-- logintoApp -->
        <test-method signature="validateCart()[pri:2, instance:testCases.TC005_AddToCart@8dbdac1]" started-at="2024-03-24T12:35:23 IST" name="validateCart" finished-at="2024-03-24T12:35:25 IST" duration-ms="1771" status="PASS">
          <reporter-output>
          </reporter-output>
        </test-method> <!-- validateCart -->
        <test-method signature="additeamtocart()[pri:3, instance:testCases.TC005_AddToCart@8dbdac1]" started-at="2024-03-24T12:35:25 IST" name="additeamtocart" finished-at="2024-03-24T12:35:26 IST" duration-ms="1192" status="FAIL">
          <exception class="java.lang.AssertionError">
            <message>
              <![CDATA[null]]>
            </message>
            <full-stacktrace>
              <![CDATA[java.lang.AssertionError: null
at org.testng.Assert.fail(Assert.java:111)
at org.testng.Assert.fail(Assert.java:116)
at testCases.TC005_AddToCart.additeamtocart(TC005_AddToCart.java:85)
at java.base/jdk.internal.reflect.NativeMethodAccessorImpl.invoke0(Native Method)
at java.base/jdk.internal.reflect.NativeMethodAccessorImpl.invoke(NativeMethodAccessorImpl.java:77)
at java.base/jdk.internal.reflect.DelegatingMethodAccessorImpl.invoke(DelegatingMethodAccessorImpl.java:43)
at java.base/java.lang.reflect.Method.invoke(Method.java:568)
at org.testng.internal.invokers.MethodInvocationHelper.invokeMethod(MethodInvocationHelper.java:139)
at org.testng.internal.invokers.TestInvoker.invokeMethod(TestInvoker.java:664)
at org.testng.internal.invokers.TestInvoker.invokeTestMethod(TestInvoker.java:228)
at org.testng.internal.invokers.MethodRunner.runInSequence(MethodRunner.java:63)
at org.testng.internal.invokers.TestInvoker$MethodInvocationAgent.invoke(TestInvoker.java:961)
at org.testng.internal.invokers.TestInvoker.invokeTestMethods(TestInvoker.java:201)
at org.testng.internal.invokers.TestMethodWorker.invokeTestMethods(TestMethodWorker.java:148)
at org.testng.internal.invokers.TestMethodWorker.run(TestMethodWorker.java:128)
at java.base/java.util.ArrayList.forEach(ArrayList.java:1511)
at org.testng.TestRunner.privateRun(TestRunner.java:819)
at org.testng.TestRunner.run(TestRunner.java:619)
at org.testng.SuiteRunner.runTest(SuiteRunner.java:443)
at org.testng.SuiteRunner.runSequentially(SuiteRunner.java:437)
at org.testng.SuiteRunner.privateRun(SuiteRunner.java:397)
at org.testng.SuiteRunner.run(SuiteRunner.java:336)
at org.testng.SuiteRunnerWorker.runSuite(SuiteRunnerWorker.java:52)
at org.testng.SuiteRunnerWorker.run(SuiteRunnerWorker.java:95)
at org.testng.TestNG.runSuitesSequentially(TestNG.java:1301)
at org.testng.TestNG.runSuitesLocally(TestNG.java:1228)
at org.testng.TestNG.runSuites(TestNG.java:1134)
at org.testng.TestNG.run(TestNG.java:1101)
at org.apache.maven.surefire.testng.TestNGExecutor.run(TestNGExecutor.java:308)
at org.apache.maven.surefire.testng.TestNGXmlTestSuite.execute(TestNGXmlTestSuite.java:71)
at org.apache.maven.surefire.testng.TestNGProvider.invoke(TestNGProvider.java:113)
at org.apache.maven.surefire.booter.ForkedBooter.runSuitesInProcess(ForkedBooter.java:385)
at org.apache.maven.surefire.booter.ForkedBooter.execute(ForkedBooter.java:162)
at org.apache.maven.surefire.booter.ForkedBooter.run(ForkedBooter.java:507)
at org.apache.maven.surefire.booter.ForkedBooter.main(ForkedBooter.java:495)
]]>
            </full-stacktrace>
          </exception> <!-- java.lang.AssertionError -->
          <reporter-output>
          </reporter-output>
        </test-method> <!-- additeamtocart -->
        <test-method is-config="true" signature="teardown()[pri:0, instance:testCases.TC005_AddToCart@8dbdac1]" started-at="2024-03-24T12:35:26 IST" name="teardown" finished-at="2024-03-24T12:35:26 IST" duration-ms="160" status="PASS">
          <reporter-output>
          </reporter-output>
        </test-method> <!-- teardown -->
      </class> <!-- testCases.TC005_AddToCart -->
      <class name="testCases.TC002_LoginTest">
        <test-method is-config="true" signature="setup(java.lang.String,java.lang.String)[pri:0, instance:testCases.TC002_LoginTest@5e0826e7]" started-at="2024-03-24T12:35:05 IST" name="setup" finished-at="2024-03-24T12:35:09 IST" duration-ms="4355" status="PASS">
          <params>
            <param index="0">
              <value>
                <![CDATA[windows]]>
              </value>
            </param>
            <param index="1">
              <value>
                <![CDATA[chrome]]>
              </value>
            </param>
          </params>
          <reporter-output>
          </reporter-output>
        </test-method> <!-- setup -->
        <test-method signature="verifylogin()[pri:0, instance:testCases.TC002_LoginTest@5e0826e7]" started-at="2024-03-24T12:35:09 IST" name="verifylogin" finished-at="2024-03-24T12:35:12 IST" duration-ms="2229" status="PASS">
          <reporter-output>
          </reporter-output>
        </test-method> <!-- verifylogin -->
        <test-method is-config="true" signature="teardown()[pri:0, instance:testCases.TC002_LoginTest@5e0826e7]" started-at="2024-03-24T12:35:12 IST" name="teardown" finished-at="2024-03-24T12:35:12 IST" duration-ms="169" status="PASS">
          <reporter-output>
          </reporter-output>
        </test-method> <!-- teardown -->
      </class> <!-- testCases.TC002_LoginTest -->
      <class name="testCases.TC004_Searchproduct">
        <test-method is-config="true" signature="setup(java.lang.String,java.lang.String)[pri:0, instance:testCases.TC004_Searchproduct@32eff876]" started-at="2024-03-24T12:35:12 IST" name="setup" finished-at="2024-03-24T12:35:15 IST" duration-ms="2985" status="PASS">
          <params>
            <param index="0">
              <value>
                <![CDATA[windows]]>
              </value>
            </param>
            <param index="1">
              <value>
                <![CDATA[chrome]]>
              </value>
            </param>
          </params>
          <reporter-output>
          </reporter-output>
        </test-method> <!-- setup -->
        <test-method signature="search()[pri:1, instance:testCases.TC004_Searchproduct@32eff876]" started-at="2024-03-24T12:35:15 IST" name="search" finished-at="2024-03-24T12:35:16 IST" duration-ms="1468" status="PASS">
          <reporter-output>
          </reporter-output>
        </test-method> <!-- search -->
        <test-method signature="invalidsearch()[pri:2, instance:testCases.TC004_Searchproduct@32eff876]" started-at="2024-03-24T12:35:16 IST" name="invalidsearch" finished-at="2024-03-24T12:35:18 IST" duration-ms="1328" status="PASS">
          <reporter-output>
          </reporter-output>
        </test-method> <!-- invalidsearch -->
        <test-method is-config="true" signature="teardown()[pri:0, instance:testCases.TC004_Searchproduct@32eff876]" started-at="2024-03-24T12:35:18 IST" name="teardown" finished-at="2024-03-24T12:35:18 IST" duration-ms="278" status="PASS">
          <reporter-output>
          </reporter-output>
        </test-method> <!-- teardown -->
      </class> <!-- testCases.TC004_Searchproduct -->
    </test> <!-- Test -->
  </suite> <!-- Suite -->
</testng-results>
